<?xml version="1.0" encoding="UTF-8"?>
<!-- Generated by org.testng.reporters.JUnitReportReporter -->
<testsuite hostname="DESKTOP-11BHCQ0" failures="0" tests="1" name="Pages.HelloTest" time="86.412" errors="0" timestamp="04 Jan. 2023 22:27:02 GMT" skipped="0">
  <testcase classname="Pages.HelloTest" name="helloTest" time="86.412"/>
</testsuite> <!-- Pages.HelloTest -->
